  Application.cpp
  Camera.cpp
  GameObject.cpp
  LoadOBJ.cpp
  LoadTGA.cpp
  main.cpp
  Mesh.cpp
  MeshBuilder.cpp
  SceneAsteroid.cpp
C:\Users\samue\Downloads\Temp Folder\Physics\Source\SceneAsteroid.cpp(220,32): warning C4244: 'argument': conversion from 'int' to 'float', possible loss of data
C:\Users\samue\Downloads\Temp Folder\Physics\Source\SceneAsteroid.cpp(220,21): warning C4244: 'argument': conversion from 'int' to 'float', possible loss of data
C:\Users\samue\Downloads\Temp Folder\Physics\Source\SceneAsteroid.cpp(331,58): warning C4554: '&': check operator precedence for possible error; use parentheses to clarify precedence
C:\Users\samue\Downloads\Temp Folder\Physics\Source\SceneAsteroid.cpp(394,32): warning C4244: 'argument': conversion from 'int' to 'float', possible loss of data
C:\Users\samue\Downloads\Temp Folder\Physics\Source\SceneAsteroid.cpp(394,21): warning C4244: 'argument': conversion from 'int' to 'float', possible loss of data
C:\Users\samue\Downloads\Temp Folder\Physics\Source\SceneAsteroid.cpp(413,32): warning C4244: 'argument': conversion from 'int' to 'float', possible loss of data
C:\Users\samue\Downloads\Temp Folder\Physics\Source\SceneAsteroid.cpp(413,21): warning C4244: 'argument': conversion from 'int' to 'float', possible loss of data
C:\Users\samue\Downloads\Temp Folder\Physics\Source\SceneAsteroid.cpp(432,32): warning C4244: 'argument': conversion from 'int' to 'float', possible loss of data
C:\Users\samue\Downloads\Temp Folder\Physics\Source\SceneAsteroid.cpp(432,21): warning C4244: 'argument': conversion from 'int' to 'float', possible loss of data
C:\Users\samue\Downloads\Temp Folder\Physics\Source\SceneAsteroid.cpp(471,57): warning C4554: '&': check operator precedence for possible error; use parentheses to clarify precedence
C:\Users\samue\Downloads\Temp Folder\Physics\Source\SceneAsteroid.cpp(582,32): warning C4244: 'argument': conversion from 'int' to 'float', possible loss of data
C:\Users\samue\Downloads\Temp Folder\Physics\Source\SceneAsteroid.cpp(582,21): warning C4244: 'argument': conversion from 'int' to 'float', possible loss of data
C:\Users\samue\Downloads\Temp Folder\Physics\Source\SceneAsteroid.cpp(664,118): warning C4244: 'argument': conversion from 'double' to 'float', possible loss of data
C:\Users\samue\Downloads\Temp Folder\Physics\Source\SceneAsteroid.cpp(664,45): warning C4244: 'argument': conversion from 'double' to 'float', possible loss of data
C:\Users\samue\Downloads\Temp Folder\Physics\Source\SceneAsteroid.cpp(718,38): warning C4244: 'argument': conversion from 'double' to 'float', possible loss of data
C:\Users\samue\Downloads\Temp Folder\Physics\Source\SceneAsteroid.cpp(720,26): warning C4244: 'initializing': conversion from 'double' to 'float', possible loss of data
C:\Users\samue\Downloads\Temp Folder\Physics\Source\SceneAsteroid.cpp(731,27): warning C4244: 'argument': conversion from 'double' to 'float', possible loss of data
C:\Users\samue\Downloads\Temp Folder\Physics\Source\SceneAsteroid.cpp(847,34): warning C4244: '+=': conversion from 'float' to 'int', possible loss of data
C:\Users\samue\Downloads\Temp Folder\Physics\Source\SceneAsteroid.cpp(848,38): warning C4244: '+=': conversion from 'float' to 'int', possible loss of data
C:\Users\samue\Downloads\Temp Folder\Physics\Source\SceneAsteroid.cpp(858,33): warning C4244: '=': conversion from 'double' to 'float', possible loss of data
C:\Users\samue\Downloads\Temp Folder\Physics\Source\SceneAsteroid.cpp(1008,26): warning C4244: '-=': conversion from 'double' to 'float', possible loss of data
  SceneBase.cpp
  SceneKinematics.cpp
C:\Users\samue\Downloads\Temp Folder\Physics\Source\SceneKinematics.cpp(57,22): warning C4244: '+=': conversion from 'double' to 'float', possible loss of data
C:\Users\samue\Downloads\Temp Folder\Physics\Source\SceneKinematics.cpp(63,23): warning C4244: '-=': conversion from 'double' to 'float', possible loss of data
C:\Users\samue\Downloads\Temp Folder\Physics\Source\SceneKinematics.cpp(145,58): warning C4244: 'argument': conversion from 'double' to 'float', possible loss of data
C:\Users\samue\Downloads\Temp Folder\Physics\Source\SceneKinematics.cpp(145,28): warning C4244: 'argument': conversion from 'double' to 'float', possible loss of data
C:\Users\samue\Downloads\Temp Folder\Physics\Source\SceneKinematics.cpp(169,74): warning C4244: 'argument': conversion from 'double' to 'float', possible loss of data
C:\Users\samue\Downloads\Temp Folder\Physics\Source\SceneKinematics.cpp(169,44): warning C4244: 'argument': conversion from 'double' to 'float', possible loss of data
C:\Users\samue\Downloads\Temp Folder\Physics\Source\SceneKinematics.cpp(210,54): warning C4244: 'argument': conversion from 'double' to 'float', possible loss of data
C:\Users\samue\Downloads\Temp Folder\Physics\Source\SceneKinematics.cpp(210,24): warning C4244: 'argument': conversion from 'double' to 'float', possible loss of data
C:\Users\samue\Downloads\Temp Folder\Physics\Source\SceneKinematics.cpp(235,28): warning C4244: 'argument': conversion from 'double' to 'float', possible loss of data
C:\Users\samue\Downloads\Temp Folder\Physics\Source\SceneKinematics.cpp(237,25): warning C4244: 'argument': conversion from 'double' to 'float', possible loss of data
  SceneVector.cpp
  shader.cpp
  Utility.cpp
  Generating Code...
LINK : warning LNK4098: defaultlib 'MSVCRT' conflicts with use of other libs; use /NODEFAULTLIB:library
  Physics.vcxproj -> C:\Users\samue\Downloads\Temp Folder\Debug\Physics.exe
